<?xml version="1.0" encoding="UTF-8"?>
<!-- Generated by org.testng.reporters.JUnitReportReporter -->
<testsuite hostname="SEZLP599" failures="0" tests="4" name="main.ExecutionClass" time="63.473" errors="0" timestamp="2022-08-14T22:33:21 IST" skipped="0">
  <testcase classname="main.ExecutionClass" name="TS_AOC_001" time="6.843"/>
  <system-out/>
  <testcase classname="main.ExecutionClass" name="TS_AOC_004" time="22.440"/>
  <system-out/>
  <testcase classname="main.ExecutionClass" name="TS_AOC_002" time="15.296"/>
  <system-out/>
  <testcase classname="main.ExecutionClass" name="TS_AOC_003" time="18.894"/>
  <system-out/>
</testsuite> <!-- main.ExecutionClass -->
